This file contains any messages produced by compilers while
running configure, to aid debugging if configure makes a mistake.

It was created by configure, which was
generated by GNU Autoconf 2.72.  Invocation command line was

  $ ./configure --with-php-config=/usr/local/Cellar/php@8.2/8.2.28_1/bin/php-config

## --------- ##
## Platform. ##
## --------- ##

hostname = zhangchaoweideMacBook-Pro.local
uname -m = x86_64
uname -r = 24.4.0
uname -s = Darwin
uname -v = Darwin Kernel Version 24.4.0: Wed Mar 19 21:16:31 PDT 2025; root:xnu-11417.101.15~1/RELEASE_X86_64

/usr/bin/uname -p = i386
/bin/uname -X     = unknown

/bin/arch              = unknown
/usr/bin/arch -k       = unknown
/usr/convex/getsysinfo = unknown
/usr/bin/hostinfo      = Mach kernel version:
	 Darwin Kernel Version 24.4.0: Wed Mar 19 21:16:31 PDT 2025; root:xnu-11417.101.15~1/RELEASE_X86_64
Kernel configured for up to 12 processors.
6 processors are physically available.
12 processors are logically available.
Processor type: x86_64h (Intel x86-64h Haswell)
Processors active: 0 1 2 3 4 5 6 7 8 9 10 11
Primary memory available: 16.00 gigabytes
Default processor set: 719 tasks, 3993 threads, 12 processors
Load average: 3.01, Mach factor: 8.99
/bin/machine           = unknown
/usr/bin/oslevel       = unknown
/bin/universe          = unknown

PATH: /Users/mrz/.rvm/gems/ruby-2.6.5/bin/
PATH: /Users/mrz/.rvm/gems/ruby-2.6.5@global/bin/
PATH: /Users/mrz/.rvm/rubies/ruby-2.6.5/bin/
PATH: /Applications/CMake.app/Contents/bin/
PATH: /usr/local/Cellar/openssl@1.1/1.1.1i/bin/
PATH: /Users/mrz/Documents/home/flutter/bin/
PATH: /usr/local/openresty/nginx/sbin/
PATH: /usr/local/bin/
PATH: /usr/local/sbin/
PATH: /System/Cryptexes/App/usr/bin/
PATH: /usr/bin/
PATH: /bin/
PATH: /usr/sbin/
PATH: /sbin/
PATH: /var/run/com.apple.security.cryptexd/codex.system/bootstrap/usr/local/bin/
PATH: /var/run/com.apple.security.cryptexd/codex.system/bootstrap/usr/bin/
PATH: /var/run/com.apple.security.cryptexd/codex.system/bootstrap/usr/appleinternal/bin/
PATH: /Library/Apple/usr/bin/
PATH: /usr/local/share/dotnet/
PATH: ~/.dotnet/tools/
PATH: /usr/local/go/bin/
PATH: /Library/Frameworks/Mono.framework/Versions/Current/Commands/
PATH: /Users/mrz/.rvm/gems/ruby-2.6.5/bin/
PATH: /Users/mrz/.rvm/gems/ruby-2.6.5@global/bin/
PATH: /Users/mrz/.rvm/rubies/ruby-2.6.5/bin/
PATH: /Applications/CMake.app/Contents/bin/
PATH: /usr/local/Cellar/openssl@1.1/1.1.1i/bin/
PATH: /Users/mrz/Documents/home/flutter/bin/
PATH: /usr/local/openresty/nginx/sbin/
PATH: /Users/mrz/.cargo/bin/
PATH: /Library/Java/JavaVirtualMachines/jdk1.8.0_211.jdk/Contents/Home/
PATH: /Users/mrz/Documents/home/platform-tools/
PATH: /Users/mrz/.rvm/bin/
PATH: /Users/mrz/.pub-cache/bin/
PATH: /Library/Java/JavaVirtualMachines/jdk1.8.0_211.jdk/Contents/Home/
PATH: /Users/mrz/Documents/home/platform-tools/
PATH: /Users/mrz/.rvm/bin/
PATH: /usr/local/go/bin/
PATH: /Users/mrz/.pub-cache/bin/


## ----------- ##
## Core tests. ##
## ----------- ##

configure:2505: looking for aux files: config.guess config.sub
configure:2518:  trying ./build/
configure:2547:   ./build/config.guess found
configure:2547:   ./build/config.sub found
configure:2665: checking for grep that handles long lines and -e
configure:2731: result: /usr/bin/grep
configure:2736: checking for egrep
configure:2806: result: /usr/bin/grep -E
configure:2813: checking for a sed that does not truncate output
configure:2885: result: /usr/bin/sed
configure:3030: checking for pkg-config
configure:3053: found /usr/local/bin/pkg-config
configure:3066: result: /usr/local/bin/pkg-config
configure:3091: checking pkg-config is at least version 0.9.0
configure:3094: result: yes
configure:3171: checking for cc
configure:3192: found /usr/bin/cc
configure:3204: result: cc
configure:3235: checking for C compiler version
configure:3244: cc --version >&5
Apple clang version 17.0.0 (clang-1700.0.13.3)
Target: x86_64-apple-darwin24.4.0
Thread model: posix
InstalledDir: /Library/Developer/CommandLineTools/usr/bin
configure:3255: $? = 0
configure:3244: cc -v >&5
Apple clang version 17.0.0 (clang-1700.0.13.3)
Target: x86_64-apple-darwin24.4.0
Thread model: posix
InstalledDir: /Library/Developer/CommandLineTools/usr/bin
configure:3255: $? = 0
configure:3244: cc -V >&5
clang: error: argument to '-V' is missing (expected 1 value)
clang: error: no input files
configure:3255: $? = 1
configure:3244: cc -qversion >&5
clang: error: unknown argument '-qversion'; did you mean '--version'?
clang: error: no input files
configure:3255: $? = 1
configure:3244: cc -version >&5
clang: error: unknown argument '-version'; did you mean '--version'?
clang: error: no input files
configure:3255: $? = 1
configure:3275: checking whether the C compiler works
configure:3297: cc    conftest.c  >&5
configure:3301: $? = 0
configure:3352: result: yes
configure:3356: checking for C compiler default output file name
configure:3358: result: a.out
configure:3364: checking for suffix of executables
configure:3371: cc -o conftest    conftest.c  >&5
configure:3375: $? = 0
configure:3399: result: 
configure:3423: checking whether we are cross compiling
configure:3431: cc -o conftest    conftest.c  >&5
configure:3435: $? = 0
configure:3442: ./conftest
configure:3446: $? = 0
configure:3461: result: no
configure:3467: checking for suffix of object files
configure:3490: cc -c   conftest.c >&5
configure:3494: $? = 0
configure:3518: result: o
configure:3522: checking whether the compiler supports GNU C
configure:3542: cc -c   conftest.c >&5
configure:3542: $? = 0
configure:3554: result: yes
configure:3565: checking whether cc accepts -g
configure:3586: cc -c -g  conftest.c >&5
configure:3586: $? = 0
configure:3633: result: yes
configure:3653: checking for cc option to enable C11 features
configure:3668: cc  -c -g -O2  conftest.c >&5
configure:3668: $? = 0
configure:3687: result: none needed
configure:3811: checking how to run the C preprocessor
configure:3837: cc -E  conftest.c
configure:3837: $? = 0
configure:3853: cc -E  conftest.c
conftest.c:9:10: fatal error: 'ac_nonexistent.h' file not found
    9 | #include <ac_nonexistent.h>
      |          ^~~~~~~~~~~~~~~~~~
1 error generated.
configure:3853: $? = 1
configure: failed program was:
| /* confdefs.h */
| #define PACKAGE_NAME ""
| #define PACKAGE_TARNAME ""
| #define PACKAGE_VERSION ""
| #define PACKAGE_STRING ""
| #define PACKAGE_BUGREPORT ""
| #define PACKAGE_URL ""
| /* end confdefs.h.  */
| #include <ac_nonexistent.h>
configure:3882: result: cc -E
configure:3896: cc -E  conftest.c
configure:3896: $? = 0
configure:3912: cc -E  conftest.c
conftest.c:9:10: fatal error: 'ac_nonexistent.h' file not found
    9 | #include <ac_nonexistent.h>
      |          ^~~~~~~~~~~~~~~~~~
1 error generated.
configure:3912: $? = 1
configure: failed program was:
| /* confdefs.h */
| #define PACKAGE_NAME ""
| #define PACKAGE_TARNAME ""
| #define PACKAGE_VERSION ""
| #define PACKAGE_STRING ""
| #define PACKAGE_BUGREPORT ""
| #define PACKAGE_URL ""
| /* end confdefs.h.  */
| #include <ac_nonexistent.h>
configure:3945: checking for egrep -e
configure:4075: result: /usr/bin/grep -E
configure:4081: checking for icc
configure:4091: result: no
configure:4106: checking for suncc
configure:4116: result: no
configure:4135: checking for system library directory
configure:4152: result: lib
configure:4159: checking if compiler supports -Wl,-rpath,
configure:4179: cc -o conftest -g -O2   conftest.c -Wl,-rpath,/usr/lib  >&5
configure:4179: $? = 0
configure:4192: result: yes
configure:4249: checking build system type
configure:4265: result: x86_64-apple-darwin24.4.0
configure:4285: checking host system type
configure:4300: result: x86_64-apple-darwin24.4.0
configure:4320: checking target system type
configure:4335: result: x86_64-apple-darwin24.4.0
configure:4440: checking for PHP prefix
configure:4442: result: /usr/local/Cellar/php@8.2/8.2.28_1
configure:4444: checking for PHP includes
configure:4446: result: -I/usr/local/Cellar/php@8.2/8.2.28_1/include/php -I/usr/local/Cellar/php@8.2/8.2.28_1/include/php/main -I/usr/local/Cellar/php@8.2/8.2.28_1/include/php/TSRM -I/usr/local/Cellar/php@8.2/8.2.28_1/include/php/Zend -I/usr/local/Cellar/php@8.2/8.2.28_1/include/php/ext -I/usr/local/Cellar/php@8.2/8.2.28_1/include/php/ext/date/lib
configure:4448: checking for PHP extension directory
configure:4450: result: /usr/local/Cellar/php@8.2/8.2.28_1/pecl/20220829
configure:4452: checking for PHP installed headers prefix
configure:4454: result: /usr/local/Cellar/php@8.2/8.2.28_1/include/php
configure:4457: checking if debug is enabled
configure:4485: result: no
configure:4488: checking if zts is enabled
configure:4516: result: no
configure:4585: checking for gawk
configure:4622: result: no
configure:4585: checking for nawk
configure:4622: result: no
configure:4585: checking for awk
configure:4607: found /usr/bin/awk
configure:4619: result: awk
configure:4642: checking if awk is broken
configure:4649: result: no
configure:4667: checking whether to enable beast support
configure:4708: result: yes, shared
configure:4717: checking whether to enable beast debug mode
configure:4733: result: no
configure:4742: checking whether to enable execute normal PHP script mode
configure:4783: result: yes, shared
configure:5160: checking for a sed that does not truncate output
configure:5216: result: /usr/bin/sed
configure:5232: checking for ld used by cc
configure:5301: result: /Library/Developer/CommandLineTools/usr/bin/ld
configure:5308: checking if the linker (/Library/Developer/CommandLineTools/usr/bin/ld) is GNU ld
configure:5325: result: no
configure:5330: checking for /Library/Developer/CommandLineTools/usr/bin/ld option to reload object files
configure:5339: result: -r
configure:5357: checking for BSD-compatible nm
configure:5408: result: /usr/bin/nm -B
configure:5412: checking whether ln -s works
configure:5416: result: yes
configure:5423: checking how to recognize dependent libraries
configure:5611: result: pass_all
configure:5836: checking for stdio.h
configure:5836: cc -c -g -O2  conftest.c >&5
configure:5836: $? = 0
configure:5836: result: yes
configure:5836: checking for stdlib.h
configure:5836: cc -c -g -O2  conftest.c >&5
configure:5836: $? = 0
configure:5836: result: yes
configure:5836: checking for string.h
configure:5836: cc -c -g -O2  conftest.c >&5
configure:5836: $? = 0
configure:5836: result: yes
configure:5836: checking for inttypes.h
configure:5836: cc -c -g -O2  conftest.c >&5
configure:5836: $? = 0
configure:5836: result: yes
configure:5836: checking for stdint.h
configure:5836: cc -c -g -O2  conftest.c >&5
configure:5836: $? = 0
configure:5836: result: yes
configure:5836: checking for strings.h
configure:5836: cc -c -g -O2  conftest.c >&5
configure:5836: $? = 0
configure:5836: result: yes
configure:5836: checking for sys/stat.h
configure:5836: cc -c -g -O2  conftest.c >&5
configure:5836: $? = 0
configure:5836: result: yes
configure:5836: checking for sys/types.h
configure:5836: cc -c -g -O2  conftest.c >&5
configure:5836: $? = 0
configure:5836: result: yes
configure:5836: checking for unistd.h
configure:5836: cc -c -g -O2  conftest.c >&5
configure:5836: $? = 0
configure:5836: result: yes
configure:5861: checking for dlfcn.h
configure:5861: cc -c -g -O2  conftest.c >&5
configure:5861: $? = 0
configure:5861: result: yes
configure:5880: checking the maximum length of command line arguments
configure:5994: result: 786432
configure:6006: checking command to parse /usr/bin/nm -B output from cc object
configure:6112: cc -c -g -O2  conftest.c >&5
configure:6115: $? = 0
configure:6119: /usr/bin/nm -B conftest.o \| sed -n -e 's/^.*[ 	]\([ABCDGIRSTW][ABCDGIRSTW]*\)[ 	][ 	]*\([_A-Za-z][_A-Za-z0-9]*\)$/\1 \2 \2/p' \> conftest.nm
configure:6122: $? = 0
cannot find nm_test_var in conftest.nm
configure:6112: cc -c -g -O2  conftest.c >&5
configure:6115: $? = 0
configure:6119: /usr/bin/nm -B conftest.o \| sed -n -e 's/^.*[ 	]\([ABCDGIRSTW][ABCDGIRSTW]*\)[ 	][ 	]*_\([_A-Za-z][_A-Za-z0-9]*\)$/\1 _\2 \2/p' \> conftest.nm
configure:6122: $? = 0
configure:6174: cc -o conftest -g -O2   conftest.c conftstm.o >&5
configure:6177: $? = 0
configure:6216: result: ok
configure:6220: checking for objdir
configure:6237: result: .libs
configure:6335: checking for ar
configure:6356: found /usr/bin/ar
configure:6368: result: ar
configure:6439: checking for ranlib
configure:6460: found /usr/bin/ranlib
configure:6472: result: ranlib
configure:6543: checking for strip
configure:6564: found /usr/bin/strip
configure:6576: result: strip
configure:6839: checking for dsymutil
configure:6860: found /usr/bin/dsymutil
configure:6872: result: dsymutil
configure:6943: checking for nmedit
configure:6964: found /usr/bin/nmedit
configure:6976: result: nmedit
configure:6999: checking for -single_module linker flag
configure:7022: result: yes
configure:7024: checking for -exported_symbols_list linker flag
configure:7041: cc -o conftest -g -O2   -Wl,-exported_symbols_list,conftest.sym conftest.c  >&5
configure:7044: $? = 0
configure:7059: result: yes
configure:7179: checking if cc supports -fno-rtti -fno-exceptions
configure:7198: cc -c -g -O2  -fno-rtti -fno-exceptions conftest.c >&5
configure:7202: $? = 0
configure:7216: result: yes
configure:7231: checking for cc option to produce PIC
configure:7471: result: -fno-common
configure:7479: checking if cc PIC flag -fno-common works
configure:7498: cc -c -g -O2  -fno-common -DPIC conftest.c >&5
configure:7502: $? = 0
configure:7516: result: yes
configure:7544: checking if cc static flag -static works
configure:7574: result: no
configure:7584: checking if cc supports -c -o file.o
configure:7606: cc -c -g -O2  -o out/conftest2.o conftest.c >&5
configure:7610: $? = 0
configure:7633: result: yes
configure:7659: checking whether the cc linker (/Library/Developer/CommandLineTools/usr/bin/ld) supports shared libraries
configure:8587: result: yes
configure:8654: checking dynamic linker characteristics
configure:9263: result: darwin24.4.0 dyld
configure:9291: checking how to hardcode library paths into programs
configure:9316: result: immediate
configure:9330: checking whether stripping libraries is possible
configure:9344: result: yes
configure:9898: checking if libtool supports shared libraries
configure:9900: result: yes
configure:9903: checking whether to build shared libraries
configure:9924: result: yes
configure:9927: checking whether to build static libraries
configure:9931: result: no
configure:10025: result:
creating libtool
configure:13810: patching config.h.in
configure:13821: creating ./config.status

## ---------------------- ##
## Running config.status. ##
## ---------------------- ##

This file was extended by config.status, which was
generated by GNU Autoconf 2.72.  Invocation command line was

  CONFIG_FILES    = 
  CONFIG_HEADERS  = 
  CONFIG_LINKS    = 
  CONFIG_COMMANDS = 
  $ ./config.status 

on zhangchaoweideMacBook-Pro.local

config.status:674: creating config.h

## ---------------- ##
## Cache variables. ##
## ---------------- ##

ac_cv_build=x86_64-apple-darwin24.4.0
ac_cv_c_compiler_gnu=yes
ac_cv_env_CC_set=
ac_cv_env_CC_value=
ac_cv_env_CFLAGS_set=
ac_cv_env_CFLAGS_value=
ac_cv_env_CPPFLAGS_set=
ac_cv_env_CPPFLAGS_value=
ac_cv_env_CPP_set=
ac_cv_env_CPP_value=
ac_cv_env_LDFLAGS_set=
ac_cv_env_LDFLAGS_value=
ac_cv_env_LIBS_set=
ac_cv_env_LIBS_value=
ac_cv_env_PKG_CONFIG_LIBDIR_set=
ac_cv_env_PKG_CONFIG_LIBDIR_value=
ac_cv_env_PKG_CONFIG_PATH_set=set
ac_cv_env_PKG_CONFIG_PATH_value=/usr/local/Cellar/openssl@1.1/1.1.1i/lib/pkgconfig:/usr/local/Cellar/openssl@1.1/1.1.1i/lib/pkgconfig:
ac_cv_env_PKG_CONFIG_set=
ac_cv_env_PKG_CONFIG_value=
ac_cv_env_build_alias_set=
ac_cv_env_build_alias_value=
ac_cv_env_host_alias_set=
ac_cv_env_host_alias_value=
ac_cv_env_target_alias_set=
ac_cv_env_target_alias_value=
ac_cv_header_dlfcn_h=yes
ac_cv_header_inttypes_h=yes
ac_cv_header_stdint_h=yes
ac_cv_header_stdio_h=yes
ac_cv_header_stdlib_h=yes
ac_cv_header_string_h=yes
ac_cv_header_strings_h=yes
ac_cv_header_sys_stat_h=yes
ac_cv_header_sys_types_h=yes
ac_cv_header_unistd_h=yes
ac_cv_host=x86_64-apple-darwin24.4.0
ac_cv_objext=o
ac_cv_path_EGREP='/usr/bin/grep -E'
ac_cv_path_EGREP_TRADITIONAL='/usr/bin/grep -E'
ac_cv_path_GREP=/usr/bin/grep
ac_cv_path_SED=/usr/bin/sed
ac_cv_path_ac_pt_PKG_CONFIG=/usr/local/bin/pkg-config
ac_cv_prog_AWK=awk
ac_cv_prog_CPP='cc -E'
ac_cv_prog_ac_ct_AR=ar
ac_cv_prog_ac_ct_CC=cc
ac_cv_prog_ac_ct_DSYMUTIL=dsymutil
ac_cv_prog_ac_ct_NMEDIT=nmedit
ac_cv_prog_ac_ct_RANLIB=ranlib
ac_cv_prog_ac_ct_STRIP=strip
ac_cv_prog_cc_c11=
ac_cv_prog_cc_g=yes
ac_cv_prog_cc_stdc=
ac_cv_target=x86_64-apple-darwin24.4.0
lt_cv_apple_cc_single_mod=yes
lt_cv_deplibs_check_method=pass_all
lt_cv_file_magic_cmd='$MAGIC_CMD'
lt_cv_file_magic_test_file=
lt_cv_ld_exported_symbols_list=yes
lt_cv_ld_reload_flag=-r
lt_cv_objdir=.libs
lt_cv_path_LD=/Library/Developer/CommandLineTools/usr/bin/ld
lt_cv_path_NM='/usr/bin/nm -B'
lt_cv_path_SED=/usr/bin/sed
lt_cv_prog_compiler_c_o=yes
lt_cv_prog_compiler_pic_works=yes
lt_cv_prog_compiler_rtti_exceptions=yes
lt_cv_prog_compiler_static_works=no
lt_cv_prog_gnu_ld=no
lt_cv_sys_global_symbol_pipe='sed -n -e '\''s/^.*[ 	]\([ABCDGIRSTW][ABCDGIRSTW]*\)[ 	][ 	]*_\([_A-Za-z][_A-Za-z0-9]*\)$/\1 _\2 \2/p'\'''
lt_cv_sys_global_symbol_to_c_name_address='sed -n -e '\''s/^: \([^ ]*\) $/  {\"\1\", (lt_ptr) 0},/p'\'' -e '\''s/^[BCDEGRST] \([^ ]*\) \([^ ]*\)$/  {"\2", (lt_ptr) \&\2},/p'\'''
lt_cv_sys_global_symbol_to_cdecl='sed -n -e '\''s/^. .* \(.*\)$/extern int \1;/p'\'''
lt_cv_sys_lib_dlsearch_path_spec='/usr/local/lib /lib /usr/lib'
lt_cv_sys_lib_search_path_spec='/Library/Developer/CommandLineTools/usr/lib/clang/17 /usr/local/lib'
lt_cv_sys_max_cmd_len=786432
lt_lt_cv_prog_compiler_c_o='"yes"'
lt_lt_cv_sys_global_symbol_pipe='"sed -n -e '\''s/^.*[ 	]\\([ABCDGIRSTW][ABCDGIRSTW]*\\)[ 	][ 	]*_\\([_A-Za-z][_A-Za-z0-9]*\\)\$/\\1 _\\2 \\2/p'\''"'
lt_lt_cv_sys_global_symbol_to_c_name_address='"sed -n -e '\''s/^: \\([^ ]*\\) \$/  {\\\"\\1\\\", (lt_ptr) 0},/p'\'' -e '\''s/^[BCDEGRST] \\([^ ]*\\) \\([^ ]*\\)\$/  {\"\\2\", (lt_ptr) \\&\\2},/p'\''"'
lt_lt_cv_sys_global_symbol_to_cdecl='"sed -n -e '\''s/^. .* \\(.*\\)\$/extern int \\1;/p'\''"'
php_cv_cc_rpath=yes

## ----------------- ##
## Output variables. ##
## ----------------- ##

AR='ar'
AWK='awk'
BUILD_CC='cc'
CC='cc'
CFLAGS='-g -O2'
CONFIGURE_COMMAND=' '\''./configure'\''  '\''--with-php-config=/usr/local/Cellar/php@8.2/8.2.28_1/bin/php-config'\'' '\''PKG_CONFIG_PATH=/usr/local/Cellar/openssl@1.1/1.1.1i/lib/pkgconfig:/usr/local/Cellar/openssl@1.1/1.1.1i/lib/pkgconfig:'\'''
CONFIGURE_OPTIONS=' '\''--with-php-config=/usr/local/Cellar/php@8.2/8.2.28_1/bin/php-config'\'' '\''PKG_CONFIG_PATH=/usr/local/Cellar/openssl@1.1/1.1.1i/lib/pkgconfig:/usr/local/Cellar/openssl@1.1/1.1.1i/lib/pkgconfig:'\'''
CPP='cc -E'
CPPFLAGS=' -DHAVE_CONFIG_H'
DEFS='-DHAVE_CONFIG_H'
DSYMUTIL='dsymutil'
ECHO='/bin/echo'
ECHO_C='\c'
ECHO_N=''
ECHO_T=''
EGREP='/usr/bin/grep -E'
EXEEXT=''
GREP='/usr/bin/grep'
LDFLAGS=''
LIBOBJS=''
LIBS=''
LIBTOOL='$(SHELL) $(top_builddir)/libtool'
LN_S='ln -s'
LTLIBOBJS=''
NMEDIT='nmedit'
OBJEXT='o'
PACKAGE_BUGREPORT=''
PACKAGE_NAME=''
PACKAGE_STRING=''
PACKAGE_TARNAME=''
PACKAGE_URL=''
PACKAGE_VERSION=''
PATH_SEPARATOR=':'
PKG_CONFIG='/usr/local/bin/pkg-config'
PKG_CONFIG_LIBDIR=''
PKG_CONFIG_PATH='/usr/local/Cellar/openssl@1.1/1.1.1i/lib/pkgconfig:/usr/local/Cellar/openssl@1.1/1.1.1i/lib/pkgconfig:'
RANLIB='ranlib'
SED='/usr/bin/sed'
SHELL='/bin/sh'
SHLIB_DL_SUFFIX_NAME='so'
SHLIB_SUFFIX_NAME='dylib'
STRIP='strip'
ac_ct_CC='cc'
bindir='${exec_prefix}/bin'
build='x86_64-apple-darwin24.4.0'
build_alias=''
build_cpu='x86_64'
build_os='darwin24.4.0'
build_vendor='apple'
datadir='${datarootdir}'
datarootdir='${prefix}/share'
docdir='${datarootdir}/doc/${PACKAGE}'
dvidir='${docdir}'
exec_prefix='$(prefix)'
host='x86_64-apple-darwin24.4.0'
host_alias='x86_64-apple-darwin24.4.0'
host_cpu='x86_64'
host_os='darwin24.4.0'
host_vendor='apple'
htmldir='${docdir}'
includedir='${prefix}/include'
infodir='${datarootdir}/info'
libdir='${exec_prefix}/lib'
libexecdir='${exec_prefix}/libexec'
localedir='${datarootdir}/locale'
localstatedir='${prefix}/var'
mandir='${datarootdir}/man'
oldincludedir='/usr/include'
pdfdir='${docdir}'
prefix='/usr/local/Cellar/php@8.2/8.2.28_1'
program_transform_name='s,x,x,'
psdir='${docdir}'
runstatedir='${localstatedir}/run'
sbindir='${exec_prefix}/sbin'
sharedstatedir='${prefix}/com'
sysconfdir='${prefix}/etc'
target='x86_64-apple-darwin24.4.0'
target_alias=''
target_cpu='x86_64'
target_os='darwin24.4.0'
target_vendor='apple'

## ----------- ##
## confdefs.h. ##
## ----------- ##

/* confdefs.h */
#define PACKAGE_NAME ""
#define PACKAGE_TARNAME ""
#define PACKAGE_VERSION ""
#define PACKAGE_STRING ""
#define PACKAGE_BUGREPORT ""
#define PACKAGE_URL ""
#define BEAST_DEBUG_MODE 0
#define BEAST_EXECUTE_NORMAL_SCRIPT 1
#define COMPILE_DL_BEAST 1
#define HAVE_STDIO_H 1
#define HAVE_STDLIB_H 1
#define HAVE_STRING_H 1
#define HAVE_INTTYPES_H 1
#define HAVE_STDINT_H 1
#define HAVE_STRINGS_H 1
#define HAVE_SYS_STAT_H 1
#define HAVE_SYS_TYPES_H 1
#define HAVE_UNISTD_H 1
#define STDC_HEADERS 1
#define HAVE_DLFCN_H 1

configure: exit 0
